2014-07-01T23:32:08.797Z - [31merror[39m: uncaughtException: write EIO 
{ date: [32m'Tue Jul 01 2014 16:32:08 GMT-0700 (PDT)'[39m,
  process: 
   { pid: [33m70630[39m,
     uid: [33m501[39m,
     gid: [33m20[39m,
     cwd: [32m'/Users/elzi/Dropbox/Development/projects/5ifty5ifty/throwbacksummer/wp-content/themes/throwbacksummer/assets/sass/modules'[39m,
     execPath: [32m'/usr/local/Cellar/node/0.10.0/bin/node'[39m,
     version: [32m'v0.10.25'[39m,
     argv: 
      [ [32m'node'[39m,
        [32m'/usr/local/bin/slap'[39m,
        [32m'_elements.scss'[39m ],
     memoryUsage: 
      { rss: [33m81072128[39m,
        heapTotal: [33m63742016[39m,
        heapUsed: [33m35750664[39m } },
  os: 
   { loadavg: 
      [ [33m3.41064453125[39m,
        [33m3.07958984375[39m,
        [33m2.7841796875[39m ],
     uptime: [33m176402[39m },
  trace: 
   [ { column: [33m11[39m,
       file: [32m'net.js'[39m,
       function: [32m'errnoException'[39m,
       line: [33m901[39m,
       method: [1mnull[22m,
       native: [33mfalse[39m },
     { column: [33m19[39m,
       file: [32m'net.js'[39m,
       function: [32m'Object.afterWrite'[39m,
       line: [33m718[39m,
       method: [32m'afterWrite'[39m,
       native: [33mfalse[39m } ],
  stack: 
   [ [32m'Error: write EIO'[39m,
     [32m'    at errnoException (net.js:901:11)'[39m,
     [32m'    at Object.afterWrite (net.js:718:19)'[39m ] }
2014-07-01T23:32:08.829Z - [31merror[39m: uncaughtException: This socket is closed. 
{ date: [32m'Tue Jul 01 2014 16:32:08 GMT-0700 (PDT)'[39m,
  process: 
   { pid: [33m70630[39m,
     uid: [33m501[39m,
     gid: [33m20[39m,
     cwd: [32m'/Users/elzi/Dropbox/Development/projects/5ifty5ifty/throwbacksummer/wp-content/themes/throwbacksummer/assets/sass/modules'[39m,
     execPath: [32m'/usr/local/Cellar/node/0.10.0/bin/node'[39m,
     version: [32m'v0.10.25'[39m,
     argv: 
      [ [32m'node'[39m,
        [32m'/usr/local/bin/slap'[39m,
        [32m'_elements.scss'[39m ],
     memoryUsage: 
      { rss: [33m81182720[39m,
        heapTotal: [33m63742016[39m,
        heapUsed: [33m37880328[39m } },
  os: 
   { loadavg: 
      [ [33m3.41064453125[39m,
        [33m3.07958984375[39m,
        [33m2.7841796875[39m ],
     uptime: [33m176402[39m },
  trace: 
   [ { column: [33m19[39m,
       file: [32m'net.js'[39m,
       function: [32m'WriteStream.Socket._write'[39m,
       line: [33m635[39m,
       method: [32m'Socket._write'[39m,
       native: [33mfalse[39m },
     { column: [33m10[39m,
       file: [32m'_stream_writable.js'[39m,
       function: [32m'doWrite'[39m,
       line: [33m223[39m,
       method: [1mnull[22m,
       native: [33mfalse[39m },
     { column: [33m5[39m,
       file: [32m'_stream_writable.js'[39m,
       function: [32m'writeOrBuffer'[39m,
       line: [33m213[39m,
       method: [1mnull[22m,
       native: [33mfalse[39m },
     { column: [33m11[39m,
       file: [32m'_stream_writable.js'[39m,
       function: [32m'WriteStream.Writable.write'[39m,
       line: [33m180[39m,
       method: [32m'Writable.write'[39m,
       native: [33mfalse[39m },
     { column: [33m40[39m,
       file: [32m'net.js'[39m,
       function: [32m'WriteStream.Socket.write'[39m,
       line: [33m613[39m,
       method: [32m'Socket.write'[39m,
       native: [33mfalse[39m },
     { column: [33m17[39m,
       file: [32m'/usr/local/Cellar/node/0.10.0/lib/node_modules/slap/node_modules/blessed/lib/program.js'[39m,
       function: [32m'Program._buffer'[39m,
       line: [33m1275[39m,
       method: [32m'_buffer'[39m,
       native: [33mfalse[39m },
     { column: [33m17[39m,
       file: [32m'/usr/local/Cellar/node/0.10.0/lib/node_modules/slap/node_modules/blessed/lib/program.js'[39m,
       function: [32m'Program._write'[39m,
       line: [33m1298[39m,
       method: [32m'_write'[39m,
       native: [33mfalse[39m },
     { column: [33m21[39m,
       file: [32m'/usr/local/Cellar/node/0.10.0/lib/node_modules/slap/node_modules/blessed/lib/program.js'[39m,
       function: [32m'Function.self.put.(anonymous function) [as clear]'[39m,
       line: [33m220[39m,
       method: [32m'self.put.(anonymous function) [as clear]'[39m,
       native: [33mfalse[39m },
     { column: [33m34[39m,
       file: [32m'/usr/local/Cellar/node/0.10.0/lib/node_modules/slap/node_modules/blessed/lib/program.js'[39m,
       function: [32m'Program.clear'[39m,
       line: [33m1868[39m,
       method: [32m'clear'[39m,
       native: [33mfalse[39m },
     { column: [33m16[39m,
       file: [32m'/usr/local/Cellar/node/0.10.0/lib/node_modules/slap/node_modules/blessed/lib/widget.js'[39m,
       function: [32m'Slap.Screen.alloc'[39m,
       line: [33m620[39m,
       method: [32m'Screen.alloc'[39m,
       native: [33mfalse[39m } ],
  stack: 
   [ [32m'Error: This socket is closed.'[39m,
     [32m'    at WriteStream.Socket._write (net.js:635:19)'[39m,
     [32m'    at doWrite (_stream_writable.js:223:10)'[39m,
     [32m'    at writeOrBuffer (_stream_writable.js:213:5)'[39m,
     [32m'    at WriteStream.Writable.write (_stream_writable.js:180:11)'[39m,
     [32m'    at WriteStream.Socket.write (net.js:613:40)'[39m,
     [32m'    at Program._buffer (/usr/local/Cellar/node/0.10.0/lib/node_modules/slap/node_modules/blessed/lib/program.js:1275:17)'[39m,
     [32m'    at Program._write (/usr/local/Cellar/node/0.10.0/lib/node_modules/slap/node_modules/blessed/lib/program.js:1298:17)'[39m,
     [32m'    at Function.self.put.(anonymous function) [as clear] (/usr/local/Cellar/node/0.10.0/lib/node_modules/slap/node_modules/blessed/lib/program.js:220:21)'[39m,
     [32m'    at Program.clear (/usr/local/Cellar/node/0.10.0/lib/node_modules/slap/node_modules/blessed/lib/program.js:1868:34)'[39m,
     [32m'    at Slap.Screen.alloc (/usr/local/Cellar/node/0.10.0/lib/node_modules/slap/node_modules/blessed/lib/widget.js:620:16)'[39m ] }
